<?xml version="1.0" encoding="UTF-8"?>
<!-- Generated by org.testng.reporters.JUnitXMLReporter -->
<testsuite ignored="0" hostname="LAPTOP-9FI7BVF2" failures="0" tests="3" name="Test2" time="23.417" errors="0" timestamp="2025-01-15T12:38:52 IST">
  <testcase classname="testcase.ManageNewsTest" name="verifyAddManageNewswithValidCredentials" time="2.076"/>
  <testcase classname="testcase.ManageNewsTest" name="verifyResetManageNews" time="1.803"/>
  <testcase classname="testcase.ManageNewsTest" name="verifySearchManageNews" time="1.937"/>
</testsuite> <!-- Test2 -->
