<?xml version="1.0" encoding="UTF-8"?>
<!-- Generated by org.testng.reporters.JUnitXMLReporter -->
<testsuite ignored="0" hostname="LAPTOP-9FI7BVF2" failures="0" tests="6" name="Test1" time="22.472" errors="0" timestamp="2025-01-15T12:38:51 IST">
  <testcase classname="testcase.LoginTest" name="loginWithInValidUsernameAndInvalidPassword" time="1.992"/>
  <testcase classname="testcase.LoginTest" name="loginWithInvalidUsernameAndValidPassword" time="0.538"/>
  <testcase classname="testcase.LoginTest" name="loginWithInvalidUsernameAndValidPassword" time="0.613"/>
  <testcase classname="testcase.LoginTest" name="loginWithInvalidUsernameAndValidPassword" time="0.5"/>
  <testcase classname="testcase.LoginTest" name="loginWithValidUsernameAndInvalidPassword" time="1.163"/>
  <testcase classname="testcase.LoginTest" name="verifyUserLoginWithValidCredentials" time="1.025"/>
</testsuite> <!-- Test1 -->
