<?xml version="1.0" encoding="UTF-8"?>
<!-- Generated by org.testng.reporters.JUnitXMLReporter -->
<testsuite ignored="1" hostname="LAPTOP-9FI7BVF2" failures="0" tests="2" name="myTest" time="9.649" errors="0" timestamp="2025-01-15T12:34:08 IST">
  <testcase classname="testcase.ManageNewsTest" name="verifyAddManageNewswithValidCredentials" time="2.526"/>
  <testcase classname="testcase.ManageNewsTest" name="verifyResetManageNews" time="1.531"/>
  <testcase classname="testcase.ManageNewsTest" name="verifySearchManageNews" time="0.0">
    <ignored/>
  </testcase> <!-- verifySearchManageNews -->
</testsuite> <!-- myTest -->
