<?xml version="1.0" encoding="UTF-8"?>
<!-- Generated by org.testng.reporters.JUnitXMLReporter -->
<testsuite ignored="0" hostname="LAPTOP-9FI7BVF2" failures="0" tests="3" name="myTest" time="14.508" errors="0" timestamp="2025-01-15T12:10:05 IST">
  <testcase classname="testcase.SubCategoryTest" name="verifyAddSubCategoryWithValidDetails" time="4.386"/>
  <testcase classname="testcase.SubCategoryTest" name="verifySearchSubCategory" time="1.96"/>
  <testcase classname="testcase.SubCategoryTest" name="verifyResetSubCategory" time="1.672"/>
</testsuite> <!-- myTest -->
