<?xml version="1.0" encoding="UTF-8"?>
<!-- Generated by org.testng.reporters.JUnitXMLReporter -->
<testsuite ignored="0" hostname="LAPTOP-9FI7BVF2" failures="5" tests="5" name="myTest" time="9.69" errors="0" timestamp="2025-01-13T14:11:09 IST">
  <testcase classname="testcase.CategoryTest" name="verifyAddNewCatgoryWithValidDetails" time="0.723">
    <failure type="java.lang.NullPointerException" message="Cannot invoke &amp;quot;org.apache.poi.xssf.usermodel.XSSFRow.getCell(int)&amp;quot; because &amp;quot;r&amp;quot; is null">
      <![CDATA[java.lang.NullPointerException: Cannot invoke "org.apache.poi.xssf.usermodel.XSSFRow.getCell(int)" because "r" is null
at utilities.ExcelUtility.readStringData(ExcelUtility.java:21)
at pages.LoginPage.loginByExcelData(LoginPage.java:51)
at testcase.CategoryTest.verifyAddNewCatgoryWithValidDetails(CategoryTest.java:21)
at java.base/java.util.ArrayList.forEach(ArrayList.java:1511)
... Removed 27 stack frames]]>
    </failure>
  </testcase> <!-- verifyAddNewCatgoryWithValidDetails -->
  <testcase classname="testcase.CategoryTest" name="verifyDeleteButton" time="0.047">
    <failure type="java.lang.NullPointerException" message="Cannot invoke &amp;quot;org.apache.poi.xssf.usermodel.XSSFRow.getCell(int)&amp;quot; because &amp;quot;r&amp;quot; is null">
      <![CDATA[java.lang.NullPointerException: Cannot invoke "org.apache.poi.xssf.usermodel.XSSFRow.getCell(int)" because "r" is null
at utilities.ExcelUtility.readStringData(ExcelUtility.java:21)
at pages.LoginPage.loginByExcelData(LoginPage.java:51)
at testcase.CategoryTest.verifyDeleteButton(CategoryTest.java:62)
at java.base/java.util.ArrayList.forEach(ArrayList.java:1511)
... Removed 27 stack frames]]>
    </failure>
  </testcase> <!-- verifyDeleteButton -->
  <testcase classname="testcase.CategoryTest" name="verifyEditButton" time="0.036">
    <failure type="java.lang.NullPointerException" message="Cannot invoke &amp;quot;org.apache.poi.xssf.usermodel.XSSFRow.getCell(int)&amp;quot; because &amp;quot;r&amp;quot; is null">
      <![CDATA[java.lang.NullPointerException: Cannot invoke "org.apache.poi.xssf.usermodel.XSSFRow.getCell(int)" because "r" is null
at utilities.ExcelUtility.readStringData(ExcelUtility.java:21)
at pages.LoginPage.loginByExcelData(LoginPage.java:51)
at testcase.CategoryTest.verifyEditButton(CategoryTest.java:52)
at java.base/java.util.ArrayList.forEach(ArrayList.java:1511)
... Removed 27 stack frames]]>
    </failure>
  </testcase> <!-- verifyEditButton -->
  <testcase classname="testcase.CategoryTest" name="verifyReset" time="0.043">
    <failure type="java.lang.NullPointerException" message="Cannot invoke &amp;quot;org.apache.poi.xssf.usermodel.XSSFRow.getCell(int)&amp;quot; because &amp;quot;r&amp;quot; is null">
      <![CDATA[java.lang.NullPointerException: Cannot invoke "org.apache.poi.xssf.usermodel.XSSFRow.getCell(int)" because "r" is null
at utilities.ExcelUtility.readStringData(ExcelUtility.java:21)
at pages.LoginPage.loginByExcelData(LoginPage.java:51)
at testcase.CategoryTest.verifyReset(CategoryTest.java:41)
at java.base/java.util.ArrayList.forEach(ArrayList.java:1511)
... Removed 27 stack frames]]>
    </failure>
  </testcase> <!-- verifyReset -->
  <testcase classname="testcase.CategoryTest" name="verifySearchExistingCategory" time="0.033">
    <failure type="java.lang.NullPointerException" message="Cannot invoke &amp;quot;org.apache.poi.xssf.usermodel.XSSFRow.getCell(int)&amp;quot; because &amp;quot;r&amp;quot; is null">
      <![CDATA[java.lang.NullPointerException: Cannot invoke "org.apache.poi.xssf.usermodel.XSSFRow.getCell(int)" because "r" is null
at utilities.ExcelUtility.readStringData(ExcelUtility.java:21)
at pages.LoginPage.loginByExcelData(LoginPage.java:51)
at testcase.CategoryTest.verifySearchExistingCategory(CategoryTest.java:31)
at java.base/java.util.ArrayList.forEach(ArrayList.java:1511)
... Removed 27 stack frames]]>
    </failure>
  </testcase> <!-- verifySearchExistingCategory -->
</testsuite> <!-- myTest -->
