<?xml version="1.0" encoding="UTF-8"?>
<!-- Generated by org.testng.reporters.JUnitXMLReporter -->
<testsuite ignored="0" hostname="LAPTOP-9FI7BVF2" failures="0" tests="6" name="ChromeTest" time="22.722" errors="0" timestamp="2025-01-15T12:33:07 IST">
  <testcase classname="testcase.LoginTest" name="loginWithInValidUsernameAndInvalidPassword" time="1.69"/>
  <testcase classname="testcase.LoginTest" name="loginWithInvalidUsernameAndValidPassword" time="0.62"/>
  <testcase classname="testcase.LoginTest" name="loginWithInvalidUsernameAndValidPassword" time="0.53"/>
  <testcase classname="testcase.LoginTest" name="loginWithInvalidUsernameAndValidPassword" time="0.572"/>
  <testcase classname="testcase.LoginTest" name="loginWithValidUsernameAndInvalidPassword" time="0.769"/>
  <testcase classname="testcase.LoginTest" name="verifyUserLoginWithValidCredentials" time="2.439"/>
</testsuite> <!-- ChromeTest -->
