<?xml version="1.0" encoding="UTF-8"?>
<!-- Generated by org.testng.reporters.JUnitXMLReporter -->
<testsuite ignored="0" hostname="LAPTOP-9FI7BVF2" failures="0" tests="6" name="EdgeTest" time="29.45" errors="0" timestamp="2025-01-15T12:33:37 IST">
  <testcase classname="testcase.LoginTest" name="loginWithInValidUsernameAndInvalidPassword" time="0.555"/>
  <testcase classname="testcase.LoginTest" name="loginWithInvalidUsernameAndValidPassword" time="0.523"/>
  <testcase classname="testcase.LoginTest" name="loginWithInvalidUsernameAndValidPassword" time="0.54"/>
  <testcase classname="testcase.LoginTest" name="loginWithInvalidUsernameAndValidPassword" time="0.495"/>
  <testcase classname="testcase.LoginTest" name="loginWithValidUsernameAndInvalidPassword" time="0.785"/>
  <testcase classname="testcase.LoginTest" name="verifyUserLoginWithValidCredentials" time="0.774"/>
</testsuite> <!-- EdgeTest -->
